VegetaExample/app/build/outputs/logs/manifest-merger-debug-report.txt
-- Merging decision tree log ---
manifest
ADDED from src\main\AndroidManifest.xml:2:1-64:12
	package
		ADDED from src\main\AndroidManifest.xml:3:5-38
		INJECTED from src\main\AndroidManifest.xml
		INJECTED from src\main\AndroidManifest.xml
	android:versionName
		INJECTED from src\main\AndroidManifest.xml
		INJECTED from src\main\AndroidManifest.xml
	xmlns:android
		ADDED from src\main\AndroidManifest.xml:2:11-69
	android:versionCode
		INJECTED from src\main\AndroidManifest.xml
		INJECTED from src\main\AndroidManifest.xml
application
ADDED from src\main\AndroidManifest.xml:5:5-53:19
MERGED from [VegetaExample:vegeta:unspecified] AndroidManifest.xml:11:5-14:19
MERGED from [com.android.support:appcompat-v7:22.2.1] AndroidManifest.xml:22:5-20
MERGED from [com.android.support:support-v4:22.2.1] AndroidManifest.xml:22:5-20
MERGED from [com.android.support:support-v4:22.2.1] AndroidManifest.xml:22:5-20
	android:label
		ADDED from src\main\AndroidManifest.xml:8:9-41
	android:allowBackup
		ADDED from src\main\AndroidManifest.xml:6:9-35
	android:icon
		ADDED from src\main\AndroidManifest.xml:7:9-43
	android:theme
		ADDED from src\main\AndroidManifest.xml:9:9-40
activity#com.cocoa.vegetaexample.MainActivity
ADDED from src\main\AndroidManifest.xml:10:9-18:20
	android:label
		ADDED from src\main\AndroidManifest.xml:12:13-45
	android:name
		ADDED from src\main\AndroidManifest.xml:11:13-41
intent-filter#android.intent.action.MAIN+android.intent.category.LAUNCHER
ADDED from src\main\AndroidManifest.xml:13:13-17:29
action#android.intent.action.MAIN
ADDED from src\main\AndroidManifest.xml:14:17-69
	android:name
		ADDED from src\main\AndroidManifest.xml:14:25-66
category#android.intent.category.LAUNCHER
ADDED from src\main\AndroidManifest.xml:16:17-77
	android:name
		ADDED from src\main\AndroidManifest.xml:16:27-74
activity#me.iwf.photopicker.PhotoPickerActivity
ADDED from src\main\AndroidManifest.xml:19:9-21:15
	android:theme
		ADDED from src\main\AndroidManifest.xml:20:19-69
	android:name
		ADDED from src\main\AndroidManifest.xml:19:19-72
activity#me.iwf.photopicker.PhotoPagerActivity
ADDED from src\main\AndroidManifest.xml:23:9-24:71
	android:theme
		ADDED from src\main\AndroidManifest.xml:24:19-69
	android:name
		ADDED from src\main\AndroidManifest.xml:23:19-71
activity#com.cocoa.vegetaexample.activity.TestActivity
ADDED from src\main\AndroidManifest.xml:25:9-58
	android:name
		ADDED from src\main\AndroidManifest.xml:25:19-56
activity#com.cocoa.vegetaexample.activity.AliOssActivity
ADDED from src\main\AndroidManifest.xml:26:9-60
	android:name
		ADDED from src\main\AndroidManifest.xml:26:19-58
activity#com.cocoa.vegetaexample.activity.GlideActivity
ADDED from src\main\AndroidManifest.xml:27:9-59
	android:name
		ADDED from src\main\AndroidManifest.xml:27:19-57
activity#com.cocoa.vegetaexample.activity.OKhttpActivity
ADDED from src\main\AndroidManifest.xml:28:9-60
	android:name
		ADDED from src\main\AndroidManifest.xml:28:19-58
activity#com.cocoa.vegetaexample.activity.ClearTopActivity
ADDED from src\main\AndroidManifest.xml:29:9-62
	android:name
		ADDED from src\main\AndroidManifest.xml:29:19-60
activity#com.cocoa.vegetaexample.activity.ClearTopActivity1
ADDED from src\main\AndroidManifest.xml:30:9-63
	android:name
		ADDED from src\main\AndroidManifest.xml:30:19-61
activity#com.cocoa.vegetaexample.activity.NetworkListenerActivity
ADDED from src\main\AndroidManifest.xml:31:9-69
	android:name
		ADDED from src\main\AndroidManifest.xml:31:19-67
meta-data#com.alibaba.app.ossak
ADDED from src\main\AndroidManifest.xml:33:9-35:526
	android:value
		ADDED from src\main\AndroidManifest.xml:35:13-513
	android:name
		ADDED from src\main\AndroidManifest.xml:34:13-49
meta-data#com.alibaba.app.osssk
ADDED from src\main\AndroidManifest.xml:36:9-39:15
	android:value
		ADDED from src\main\AndroidManifest.xml:38:13-69
	android:name
		ADDED from src\main\AndroidManifest.xml:37:13-49
meta-data#com.alibaba.app.ossbucketname
ADDED from src\main\AndroidManifest.xml:40:9-42:50
	android:value
		ADDED from src\main\AndroidManifest.xml:42:13-37
	android:name
		ADDED from src\main\AndroidManifest.xml:41:13-57
receiver#com.cocoa.vegetaexample.util.MyReceiver
ADDED from src\main\AndroidManifest.xml:43:9-48:20
	android:name
		ADDED from src\main\AndroidManifest.xml:43:19-50
intent-filter#android.net.conn.CONNECTIVITY_CHANGE+android.net.wifi.WIFI_STATE_CHANGED
ADDED from src\main\AndroidManifest.xml:44:13-47:29
action#android.net.conn.CONNECTIVITY_CHANGE
ADDED from src\main\AndroidManifest.xml:45:17-79
	android:name
		ADDED from src\main\AndroidManifest.xml:45:25-76
action#android.net.wifi.WIFI_STATE_CHANGED
ADDED from src\main\AndroidManifest.xml:46:17-78
	android:name
		ADDED from src\main\AndroidManifest.xml:46:25-75
uses-feature#android.hardware.camera
ADDED from src\main\AndroidManifest.xml:54:5-56:34
	android:required
		ADDED from src\main\AndroidManifest.xml:56:9-32
	android:name
		ADDED from src\main\AndroidManifest.xml:55:9-47
uses-permission#android.permission.INTERNET
ADDED from src\main\AndroidManifest.xml:58:5-83
	android:name
		ADDED from src\main\AndroidManifest.xml:58:22-64
uses-permission#android.permission.ACCESS_NETWORK_STATE
ADDED from src\main\AndroidManifest.xml:59:5-95
	android:name
		ADDED from src\main\AndroidManifest.xml:59:22-76
uses-permission#android.permission.READ_PHONE_STATE
ADDED from src\main\AndroidManifest.xml:60:5-91
	android:name
		ADDED from src\main\AndroidManifest.xml:60:22-72
uses-permission#android.permission.ACCESS_WIFI_STATE
ADDED from src\main\AndroidManifest.xml:61:5-92
	android:name
		ADDED from src\main\AndroidManifest.xml:61:22-73
uses-permission#android.permission.WRITE_EXTERNAL_STORAGE
ADDED from src\main\AndroidManifest.xml:62:5-97
	android:name
		ADDED from src\main\AndroidManifest.xml:62:22-78
uses-sdk
INJECTED from src\main\AndroidManifest.xml reason: use-sdk injection requested
MERGED from [VegetaExample:vegeta:unspecified] AndroidManifest.xml:7:5-9:41
MERGED from [com.android.support:appcompat-v7:22.2.1] AndroidManifest.xml:20:5-43
MERGED from [com.android.support:support-v4:22.2.1] AndroidManifest.xml:20:5-43
MERGED from [com.android.support:recyclerview-v7:22.2.0] AndroidManifest.xml:20:5-43
MERGED from [com.android.support:support-v4:22.2.1] AndroidManifest.xml:20:5-43
MERGED from [me.iwf.photopicker:PhotoPicker:0.2.7] AndroidManifest.xml:7:5-9:41
	android:targetSdkVersion
		INJECTED from src\main\AndroidManifest.xml
		INJECTED from src\main\AndroidManifest.xml
	android:minSdkVersion
		INJECTED from src\main\AndroidManifest.xml
		INJECTED from src\main\AndroidManifest.xml